<?xml version="1.0" encoding="UTF-8"?>
<!-- Generated by org.testng.reporters.JUnitXMLReporter -->
<testsuite ignored="1" hostname="VISHESH-KUMAR" failures="0" tests="1" name="Default test" time="20.43" errors="0" timestamp="2026-01-01T13:20:29 IST">
  <testcase classname="com.TestCases.Login_TestCase" name="invalidLogin" time="15.049"/>
  <testcase classname="com.TestCases.Login_TestCase" name="Validlogin" time="0.0">
    <ignored/>
  </testcase> <!-- Validlogin -->
</testsuite> <!-- Default test -->
