<?xml version="1.0" encoding="UTF-8"?>
<!-- Generated by org.testng.reporters.JUnitXMLReporter -->
<testsuite ignored="1" hostname="VISHESH-KUMAR" failures="0" tests="1" name="Default test" time="20.042" errors="0" timestamp="2026-01-02T18:08:45 IST">
  <testcase classname="com.TestCases.Login_TestCase" name="Validlogin" time="14.821"/>
  <testcase classname="com.TestCases.Login_TestCase" name="invalidLogin" time="0.0">
    <ignored/>
  </testcase> <!-- invalidLogin -->
</testsuite> <!-- Default test -->
