<?xml version="1.0" encoding="UTF-8"?>
<!-- Generated by org.testng.reporters.JUnitXMLReporter -->
<testsuite ignored="1" hostname="VISHESH-KUMAR" failures="0" tests="1" name="TimeSolv_Test" time="19.476" errors="0" timestamp="2026-01-01T19:18:04 IST">
  <testcase classname="com.TestCases.Login_TestCase" name="Validlogin" time="13.398"/>
  <testcase classname="com.TestCases.Login_TestCase" name="invalidLogin" time="0.0">
    <ignored/>
  </testcase> <!-- invalidLogin -->
</testsuite> <!-- TimeSolv_Test -->
