<?xml version="1.0" encoding="UTF-8"?>
<!-- Generated by org.testng.reporters.JUnitXMLReporter -->
<testsuite ignored="1" hostname="VISHESH-KUMAR" failures="0" tests="1" name="TimeSolv_Test" time="0.073" errors="0" timestamp="2026-01-02T18:04:41 IST">
  <testcase classname="com.BaseClass.TimeSolv_BaseClass" name="@BeforeSuite load" time="0.014">
    <failure type="java.io.FileNotFoundException" message="C:\Users\admin\Desktop\Automation\NewBatch\TimeSolv_Application\src\main\resources\Config.Properties (The system cannot find the path specified)">
      <![CDATA[java.io.FileNotFoundException: C:\Users\admin\Desktop\Automation\NewBatch\TimeSolv_Application\src\main\resources\Config.Properties (The system cannot find the path specified)
at java.base/java.io.FileInputStream.open0(Native Method)
at java.base/java.io.FileInputStream.open(FileInputStream.java:213)
at java.base/java.io.FileInputStream.<init>(FileInputStream.java:152)
at java.base/java.io.FileInputStream.<init>(FileInputStream.java:106)
at com.BaseClass.TimeSolv_BaseClass.load(TimeSolv_BaseClass.java:27)
... Removed 17 stack frames]]>
    </failure>
  </testcase> <!-- @BeforeSuite load -->
  <testcase classname="com.BaseClass.TimeSolv_BaseClass" name="@BeforeMethod setup" time="0.0">
    <skipped/>
  </testcase> <!-- @BeforeMethod setup -->
  <testcase classname="com.BaseClass.TimeSolv_BaseClass" name="@AfterMethod tearDown" time="0.0">
    <skipped/>
  </testcase> <!-- @AfterMethod tearDown -->
  <testcase classname="com.TestCases.Login_TestCase" name="Validlogin" time="0.0">
    <skipped/>
  </testcase> <!-- Validlogin -->
  <testcase classname="com.TestCases.Login_TestCase" name="invalidLogin" time="0.0">
    <ignored/>
  </testcase> <!-- invalidLogin -->
</testsuite> <!-- TimeSolv_Test -->
