<?xml version="1.0" encoding="UTF-8"?>
<!-- Generated by org.testng.reporters.JUnitXMLReporter -->
<testsuite ignored="2" hostname="VISHESH-KUMAR" failures="1" tests="2" name="TimeSolv_Test" time="47.119" errors="0" timestamp="2026-02-02T15:22:02 IST">
  <testcase classname="com.TestCases.Login_TestCase" name="Validlogin" time="13.797"/>
  <testcase classname="com.TestCases.AddClient_TestCase" name="Adding_Client" time="13.533">
    <failure type="org.openqa.selenium.support.ui.UnexpectedTagNameException" message="Element should have been &amp;quot;select&amp;quot; but was &amp;quot;span&amp;quot;
Build info: version: &amp;apos;4.34.0&amp;apos;, revision: &amp;apos;2a4c61c498&amp;apos;
System info: os.name: &amp;apos;Windows 11&amp;apos;, os.arch: &amp;apos;amd64&amp;apos;, os.version: &amp;apos;10.0&amp;apos;, java.version: &amp;apos;22.0.1&amp;apos;
Driver info: driver.version: unknown">
      <![CDATA[org.openqa.selenium.support.ui.UnexpectedTagNameException: Element should have been "select" but was "span"
Build info: version: '4.34.0', revision: '2a4c61c498'
System info: os.name: 'Windows 11', os.arch: 'amd64', os.version: '10.0', java.version: '22.0.1'
Driver info: driver.version: unknown
at org.openqa.selenium.support.ui.Select.<init>(Select.java:44)
at com.Pages.Add_NewClient.AddClient(Add_NewClient.java:35)
at com.TestCases.AddClient_TestCase.Adding_Client(AddClient_TestCase.java:20)
at java.base/java.util.ArrayList.forEach(ArrayList.java:1597)
... Removed 25 stack frames]]>
    </failure>
  </testcase> <!-- Adding_Client -->
  <testcase classname="com.BaseClass.TimeSolv_BaseClass" name="@BeforeSuite load" time="0.0">
    <ignored/>
  </testcase> <!-- @BeforeSuite load -->
  <testcase classname="com.TestCases.Login_TestCase" name="invalidLogin" time="0.0">
    <ignored/>
  </testcase> <!-- invalidLogin -->
</testsuite> <!-- TimeSolv_Test -->
