<?xml version="1.0" encoding="UTF-8"?>
<!-- Generated by org.testng.reporters.JUnitReportReporter -->
<testsuite hostname="VISHESH-KUMAR" failures="0" tests="2" name="com.TestCases.Login_TestCase" time="44.255" errors="0" timestamp="2026-02-02T17:42:13 IST" skipped="0">
  <testcase classname="com.TestCases.Login_TestCase" name="invalidLogin" time="20.018"/>
  <testcase classname="com.TestCases.Login_TestCase" name="Validlogin" time="24.237"/>
</testsuite> <!-- com.TestCases.Login_TestCase -->
