<?xml version="1.0" encoding="UTF-8"?>
<!-- Generated by org.testng.reporters.JUnitReportReporter -->
<testsuite hostname="VISHESH-KUMAR" failures="0" tests="2" name="com.TestCases.Login_TestCase" time="19.435" errors="0" timestamp="2026-01-01T19:18:04 IST" skipped="1">
  <testcase classname="com.TestCases.Login_TestCase" name="Validlogin" time="19.435"/>
  <testcase classname="com.TestCases.Login_TestCase" name="invalidLogin">
    <skipped/>
  </testcase> <!-- invalidLogin -->
</testsuite> <!-- com.TestCases.Login_TestCase -->
